{"C:\\coderepos\\github-actions\\login\\src\\PowerShell\\Constants.ts": {"path":"C:\\coderepos\\github-actions\\login\\src\\PowerShell\\Constants.ts","statementMap":{"0":{"start":{"line":1,"column":0},"end":{"line":1,"column":21}},"1":{"start":{"line":2,"column":20},"end":{"line":2,"column":43}},"2":{"start":{"line":3,"column":20},"end":{"line":3,"column":55}},"3":{"start":{"line":4,"column":20},"end":{"line":4,"column":59}},"4":{"start":{"line":6,"column":20},"end":{"line":6,"column":54}},"5":{"start":{"line":7,"column":20},"end":{"line":7,"column":58}},"6":{"start":{"line":8,"column":20},"end":{"line":8,"column":66}},"7":{"start":{"line":10,"column":20},"end":{"line":10,"column":48}},"8":{"start":{"line":11,"column":20},"end":{"line":11,"column":44}},"9":{"start":{"line":12,"column":20},"end":{"line":12,"column":52}}},"fnMap":{},"branchMap":{},"s":{"0":3,"1":3,"2":3,"3":3,"4":3,"5":3,"6":3,"7":3,"8":3,"9":3},"f":{},"b":{}}
,"C:\\coderepos\\github-actions\\login\\src\\PowerShell\\ServicePrincipalLogin.ts": {"path":"C:\\coderepos\\github-actions\\login\\src\\PowerShell\\ServicePrincipalLogin.ts","statementMap":{"0":{"start":{"line":1,"column":0},"end":{"line":1,"column":38}},"1":{"start":{"line":3,"column":0},"end":{"line":3,"column":38}},"2":{"start":{"line":4,"column":0},"end":{"line":4,"column":68}},"3":{"start":{"line":5,"column":0},"end":{"line":5,"column":54}},"4":{"start":{"line":6,"column":0},"end":{"line":6,"column":36}},"5":{"start":{"line":18,"column":8},"end":{"line":18,"column":53}},"6":{"start":{"line":19,"column":8},"end":{"line":19,"column":55}},"7":{"start":{"line":20,"column":8},"end":{"line":20,"column":33}},"8":{"start":{"line":21,"column":8},"end":{"line":21,"column":45}},"9":{"start":{"line":25,"column":8},"end":{"line":25,"column":32}},"10":{"start":{"line":26,"column":40},"end":{"line":26,"column":89}},"11":{"start":{"line":27,"column":8},"end":{"line":27,"column":65}},"12":{"start":{"line":28,"column":8},"end":{"line":28,"column":71}},"13":{"start":{"line":32,"column":29},"end":{"line":32,"column":31}},"14":{"start":{"line":33,"column":29},"end":{"line":39,"column":10}},"15":{"start":{"line":36,"column":20},"end":{"line":36,"column":46}},"16":{"start":{"line":40,"column":26},"end":{"line":46,"column":null}},"17":{"start":{"line":47,"column":31},"end":{"line":47,"column":120}},"18":{"start":{"line":48,"column":8},"end":{"line":48,"column":42}},"19":{"start":{"line":49,"column":8},"end":{"line":49,"column":81}},"20":{"start":{"line":50,"column":28},"end":{"line":50,"column":53}},"21":{"start":{"line":51,"column":8},"end":{"line":53,"column":null}},"22":{"start":{"line":52,"column":12},"end":{"line":52,"column":100}},"23":{"start":{"line":54,"column":8},"end":{"line":54,"column":73}},"24":{"start":{"line":8,"column":0},"end":{"line":8,"column":13}},"25":{"start":{"line":9,"column":20},"end":{"line":9,"column":63}},"26":{"start":{"line":10,"column":20},"end":{"line":10,"column":64}},"27":{"start":{"line":11,"column":20},"end":{"line":11,"column":64}}},"fnMap":{"0":{"name":"(anonymous_9)","decl":{"start":{"line":17,"column":4},"end":{"line":17,"column":16}},"loc":{"start":{"line":17,"column":113},"end":{"line":22,"column":5}}},"1":{"name":"(anonymous_10)","decl":{"start":{"line":24,"column":10},"end":{"line":24,"column":20}},"loc":{"start":{"line":24,"column":20},"end":{"line":29,"column":null}}},"2":{"name":"(anonymous_12)","decl":{"start":{"line":31,"column":10},"end":{"line":31,"column":15}},"loc":{"start":{"line":31,"column":15},"end":{"line":55,"column":null}}},"3":{"name":"(anonymous_14)","decl":{"start":{"line":35,"column":24},"end":{"line":35,"column":25}},"loc":{"start":{"line":35,"column":41},"end":{"line":37,"column":17}}}},"branchMap":{"0":{"loc":{"start":{"line":51,"column":8},"end":{"line":53,"column":null}},"type":"if","locations":[{"start":{"line":51,"column":8},"end":{"line":53,"column":null}},{"start":{"line":51,"column":8},"end":{"line":53,"column":null}}]}},"s":{"0":1,"1":1,"2":1,"3":1,"4":1,"5":1,"6":1,"7":1,"8":1,"9":1,"10":1,"11":1,"12":1,"13":0,"14":0,"15":0,"16":0,"17":0,"18":0,"19":0,"20":0,"21":0,"22":0,"23":0,"24":1,"25":1,"26":1,"27":1},"f":{"0":1,"1":1,"2":0,"3":0},"b":{"0":[0,0]}}
,"C:\\coderepos\\github-actions\\login\\src\\PowerShell\\Utilities\\PowerShellToolRunner.ts": {"path":"C:\\coderepos\\github-actions\\login\\src\\PowerShell\\Utilities\\PowerShellToolRunner.ts","statementMap":{"0":{"start":{"line":1,"column":0},"end":{"line":1,"column":34}},"1":{"start":{"line":2,"column":0},"end":{"line":2,"column":38}},"2":{"start":{"line":8,"column":8},"end":{"line":10,"column":null}},"3":{"start":{"line":9,"column":12},"end":{"line":9,"column":71}},"4":{"start":{"line":14,"column":8},"end":{"line":14,"column":null}},"5":{"start":{"line":4,"column":0},"end":{"line":4,"column":21}}},"fnMap":{"0":{"name":"(anonymous_8)","decl":{"start":{"line":7,"column":4},"end":{"line":7,"column":10}},"loc":{"start":{"line":7,"column":21},"end":{"line":11,"column":null}}},"1":{"name":"(anonymous_10)","decl":{"start":{"line":13,"column":4},"end":{"line":13,"column":10}},"loc":{"start":{"line":13,"column":84},"end":{"line":15,"column":null}}}},"branchMap":{"0":{"loc":{"start":{"line":8,"column":8},"end":{"line":10,"column":null}},"type":"if","locations":[{"start":{"line":8,"column":8},"end":{"line":10,"column":null}},{"start":{"line":8,"column":8},"end":{"line":10,"column":null}}]},"1":{"loc":{"start":{"line":13,"column":82},"end":{"line":13,"column":84}},"type":"default-arg","locations":[{"start":{"line":13,"column":82},"end":{"line":13,"column":84}}]}},"s":{"0":2,"1":2,"2":0,"3":0,"4":0,"5":2},"f":{"0":0,"1":0},"b":{"0":[0,0],"1":[0]}}
,"C:\\coderepos\\github-actions\\login\\src\\PowerShell\\Utilities\\ScriptBuilder.ts": {"path":"C:\\coderepos\\github-actions\\login\\src\\PowerShell\\Utilities\\ScriptBuilder.ts","statementMap":{"0":{"start":{"line":1,"column":0},"end":{"line":1,"column":38}},"1":{"start":{"line":3,"column":0},"end":{"line":3,"column":37}},"2":{"start":{"line":6,"column":4},"end":{"line":6,"column":24}},"3":{"start":{"line":9,"column":22},"end":{"line":10,"column":87}},"4":{"start":{"line":11,"column":8},"end":{"line":18,"column":null}},"5":{"start":{"line":12,"column":12},"end":{"line":14,"column":62}},"6":{"start":{"line":15,"column":12},"end":{"line":17,"column":null}},"7":{"start":{"line":16,"column":16},"end":{"line":16,"column":116}},"8":{"start":{"line":19,"column":8},"end":{"line":29,"column":39}},"9":{"start":{"line":30,"column":8},"end":{"line":30,"column":68}},"10":{"start":{"line":31,"column":8},"end":{"line":31,"column":27}},"11":{"start":{"line":35,"column":32},"end":{"line":35,"column":138}},"12":{"start":{"line":36,"column":8},"end":{"line":47,"column":39}},"13":{"start":{"line":48,"column":8},"end":{"line":48,"column":60}},"14":{"start":{"line":49,"column":8},"end":{"line":49,"column":27}},"15":{"start":{"line":5,"column":0},"end":{"line":5,"column":21}}},"fnMap":{"0":{"name":"(anonymous_2)","decl":{"start":{"line":5,"column":0},"end":{"line":5,"column":21}},"loc":{"start":{"line":5,"column":0},"end":{"line":51,"column":1}}},"1":{"name":"(anonymous_3)","decl":{"start":{"line":8,"column":4},"end":{"line":8,"column":22}},"loc":{"start":{"line":8,"column":66},"end":{"line":32,"column":5}}},"2":{"name":"(anonymous_4)","decl":{"start":{"line":34,"column":4},"end":{"line":34,"column":25}},"loc":{"start":{"line":34,"column":44},"end":{"line":50,"column":5}}}},"branchMap":{"0":{"loc":{"start":{"line":11,"column":8},"end":{"line":18,"column":null}},"type":"if","locations":[{"start":{"line":11,"column":8},"end":{"line":18,"column":null}},{"start":{"line":11,"column":8},"end":{"line":18,"column":null}}]},"1":{"loc":{"start":{"line":15,"column":12},"end":{"line":17,"column":null}},"type":"if","locations":[{"start":{"line":15,"column":12},"end":{"line":17,"column":null}},{"start":{"line":15,"column":12},"end":{"line":17,"column":null}}]}},"s":{"0":3,"1":3,"2":0,"3":0,"4":0,"5":0,"6":0,"7":0,"8":0,"9":0,"10":0,"11":0,"12":0,"13":0,"14":0,"15":3},"f":{"0":0,"1":0,"2":0},"b":{"0":[0,0],"1":[0,0]}}
,"C:\\coderepos\\github-actions\\login\\src\\PowerShell\\Utilities\\Utils.ts": {"path":"C:\\coderepos\\github-actions\\login\\src\\PowerShell\\Utilities\\Utils.ts","statementMap":{"0":{"start":{"line":1,"column":0},"end":{"line":1,"column":25}},"1":{"start":{"line":3,"column":0},"end":{"line":3,"column":37}},"2":{"start":{"line":4,"column":0},"end":{"line":4,"column":44}},"3":{"start":{"line":5,"column":0},"end":{"line":5,"column":58}},"4":{"start":{"line":15,"column":33},"end":{"line":15,"column":35}},"5":{"start":{"line":16,"column":31},"end":{"line":16,"column":65}},"6":{"start":{"line":17,"column":8},"end":{"line":30,"column":null}},"7":{"start":{"line":19,"column":16},"end":{"line":19,"column":58}},"8":{"start":{"line":20,"column":16},"end":{"line":20,"column":22}},"9":{"start":{"line":23,"column":16},"end":{"line":23,"column":60}},"10":{"start":{"line":24,"column":16},"end":{"line":24,"column":22}},"11":{"start":{"line":27,"column":16},"end":{"line":27,"column":52}},"12":{"start":{"line":29,"column":16},"end":{"line":29,"column":71}},"13":{"start":{"line":31,"column":8},"end":{"line":31,"column":78}},"14":{"start":{"line":35,"column":29},"end":{"line":35,"column":31}},"15":{"start":{"line":36,"column":29},"end":{"line":42,"column":10}},"16":{"start":{"line":39,"column":20},"end":{"line":39,"column":46}},"17":{"start":{"line":43,"column":8},"end":{"line":43,"column":42}},"18":{"start":{"line":44,"column":8},"end":{"line":45,"column":77}},"19":{"start":{"line":46,"column":23},"end":{"line":46,"column":48}},"20":{"start":{"line":47,"column":8},"end":{"line":49,"column":null}},"21":{"start":{"line":48,"column":12},"end":{"line":48,"column":53}},"22":{"start":{"line":50,"column":40},"end":{"line":50,"column":67}},"23":{"start":{"line":51,"column":8},"end":{"line":53,"column":null}},"24":{"start":{"line":52,"column":12},"end":{"line":52,"column":71}},"25":{"start":{"line":54,"column":8},"end":{"line":54,"column":31}},"26":{"start":{"line":58,"column":8},"end":{"line":58,"column":57}},"27":{"start":{"line":7,"column":0},"end":{"line":7,"column":21}}},"fnMap":{"0":{"name":"(anonymous_9)","decl":{"start":{"line":14,"column":4},"end":{"line":14,"column":10}},"loc":{"start":{"line":14,"column":51},"end":{"line":32,"column":5}}},"1":{"name":"(anonymous_10)","decl":{"start":{"line":34,"column":4},"end":{"line":34,"column":10}},"loc":{"start":{"line":34,"column":51},"end":{"line":55,"column":null}}},"2":{"name":"(anonymous_12)","decl":{"start":{"line":38,"column":24},"end":{"line":38,"column":25}},"loc":{"start":{"line":38,"column":41},"end":{"line":40,"column":17}}},"3":{"name":"(anonymous_13)","decl":{"start":{"line":57,"column":4},"end":{"line":57,"column":10}},"loc":{"start":{"line":57,"column":41},"end":{"line":59,"column":5}}}},"branchMap":{"0":{"loc":{"start":{"line":14,"column":49},"end":{"line":14,"column":51}},"type":"default-arg","locations":[{"start":{"line":14,"column":49},"end":{"line":14,"column":51}}]},"1":{"loc":{"start":{"line":16,"column":31},"end":{"line":16,"column":52}},"type":"binary-expr","locations":[{"start":{"line":16,"column":31},"end":{"line":16,"column":52}},{"start":{"line":16,"column":56},"end":{"line":16,"column":65}}]},"2":{"loc":{"start":{"line":18,"column":12},"end":{"line":20,"column":22}},"type":"switch","locations":[{"start":{"line":18,"column":12},"end":{"line":20,"column":22}},{"start":{"line":21,"column":12},"end":{"line":21,"column":27}},{"start":{"line":22,"column":12},"end":{"line":24,"column":22}},{"start":{"line":25,"column":12},"end":{"line":25,"column":25}},{"start":{"line":26,"column":12},"end":{"line":27,"column":52}},{"start":{"line":28,"column":12},"end":{"line":29,"column":71}}]},"3":{"loc":{"start":{"line":47,"column":8},"end":{"line":49,"column":null}},"type":"if","locations":[{"start":{"line":47,"column":8},"end":{"line":49,"column":null}},{"start":{"line":47,"column":8},"end":{"line":49,"column":null}}]},"4":{"loc":{"start":{"line":51,"column":8},"end":{"line":53,"column":null}},"type":"if","locations":[{"start":{"line":51,"column":8},"end":{"line":53,"column":null}},{"start":{"line":51,"column":8},"end":{"line":53,"column":null}}]}},"s":{"0":2,"1":2,"2":2,"3":2,"4":2,"5":2,"6":2,"7":0,"8":0,"9":2,"10":2,"11":0,"12":0,"13":2,"14":0,"15":0,"16":0,"17":0,"18":0,"19":0,"20":0,"21":0,"22":0,"23":0,"24":0,"25":0,"26":2,"27":2},"f":{"0":2,"1":0,"2":0,"3":2},"b":{"0":[1],"1":[2,2],"2":[0,0,2,0,0,0],"3":[0,0],"4":[0,0]}}
}
