TN:
SF:src\PowerShell\Constants.ts
FNF:0
FNH:0
DA:1,3
DA:2,3
DA:3,3
DA:4,3
DA:6,3
DA:7,3
DA:8,3
DA:10,3
DA:11,3
DA:12,3
LF:10
LH:10
BRF:0
BRH:0
end_of_record
TN:
SF:src\PowerShell\ServicePrincipalLogin.ts
FN:17,(anonymous_9)
FN:24,(anonymous_10)
FN:31,(anonymous_12)
FN:35,(anonymous_14)
FNF:4
FNH:2
FNDA:1,(anonymous_9)
FNDA:1,(anonymous_10)
FNDA:0,(anonymous_12)
FNDA:0,(anonymous_14)
DA:1,1
DA:3,1
DA:4,1
DA:5,1
DA:6,1
DA:8,1
DA:9,1
DA:10,1
DA:11,1
DA:18,1
DA:19,1
DA:20,1
DA:21,1
DA:25,1
DA:26,1
DA:27,1
DA:28,1
DA:32,0
DA:33,0
DA:36,0
DA:40,0
DA:47,0
DA:48,0
DA:49,0
DA:50,0
DA:51,0
DA:52,0
DA:54,0
LF:28
LH:17
BRDA:51,0,0,0
BRDA:51,0,1,0
BRF:2
BRH:0
end_of_record
TN:
SF:src\PowerShell\Utilities\PowerShellToolRunner.ts
FN:7,(anonymous_8)
FN:13,(anonymous_10)
FNF:2
FNH:0
FNDA:0,(anonymous_8)
FNDA:0,(anonymous_10)
DA:1,2
DA:2,2
DA:4,2
DA:8,0
DA:9,0
DA:14,0
LF:6
LH:3
BRDA:8,0,0,0
BRDA:8,0,1,0
BRDA:13,1,0,0
BRF:3
BRH:0
end_of_record
TN:
SF:src\PowerShell\Utilities\ScriptBuilder.ts
FN:5,(anonymous_2)
FN:8,(anonymous_3)
FN:34,(anonymous_4)
FNF:3
FNH:0
FNDA:0,(anonymous_2)
FNDA:0,(anonymous_3)
FNDA:0,(anonymous_4)
DA:1,3
DA:3,3
DA:5,3
DA:6,0
DA:9,0
DA:11,0
DA:12,0
DA:15,0
DA:16,0
DA:19,0
DA:30,0
DA:31,0
DA:35,0
DA:36,0
DA:48,0
DA:49,0
LF:16
LH:3
BRDA:11,0,0,0
BRDA:11,0,1,0
BRDA:15,1,0,0
BRDA:15,1,1,0
BRF:4
BRH:0
end_of_record
TN:
SF:src\PowerShell\Utilities\Utils.ts
FN:14,(anonymous_9)
FN:34,(anonymous_10)
FN:38,(anonymous_12)
FN:57,(anonymous_13)
FNF:4
FNH:2
FNDA:2,(anonymous_9)
FNDA:0,(anonymous_10)
FNDA:0,(anonymous_12)
FNDA:2,(anonymous_13)
DA:1,2
DA:3,2
DA:4,2
DA:5,2
DA:7,2
DA:15,2
DA:16,2
DA:17,2
DA:19,0
DA:20,0
DA:23,2
DA:24,2
DA:27,0
DA:29,0
DA:31,2
DA:35,0
DA:36,0
DA:39,0
DA:43,0
DA:44,0
DA:46,0
DA:47,0
DA:48,0
DA:50,0
DA:51,0
DA:52,0
DA:54,0
DA:58,2
LF:28
LH:12
BRDA:14,0,0,1
BRDA:16,1,0,2
BRDA:16,1,1,2
BRDA:18,2,0,0
BRDA:18,2,1,0
BRDA:18,2,2,2
BRDA:18,2,3,0
BRDA:18,2,4,0
BRDA:18,2,5,0
BRDA:47,3,0,0
BRDA:47,3,1,0
BRDA:51,4,0,0
BRDA:51,4,1,0
BRF:13
BRH:4
end_of_record
